<?xml version="1.0" encoding="UTF-8"?>
<!-- Generated by org.testng.reporters.JUnitReportReporter -->
<testsuite skipped="0" hostname="OMGINDIA267" name="Insight.Tests.ContactsPageTest" tests="1" failures="0" timestamp="08 Jul 2019 13:13:15 GMT" time="4.620" errors="0">
  <testcase name="test" time="4.620" classname="Insight.Tests.ContactsPageTest"/>
</testsuite> <!-- Insight.Tests.ContactsPageTest -->
