<?xml version="1.0" encoding="UTF-8"?>
<!-- Generated by org.testng.reporters.JUnitReportReporter -->
<testsuite skipped="0" hostname="OMGINDIA267" name="Insight.Tests.DashboardTest" tests="1" failures="0" timestamp="08 Jul 2019 12:50:23 GMT" time="0.915" errors="0">
  <testcase name="test" time="0.915" classname="Insight.Tests.DashboardTest"/>
</testsuite> <!-- Insight.Tests.DashboardTest -->
