<?xml version="1.0" encoding="UTF-8"?>
<!-- Generated by org.testng.reporters.JUnitReportReporter -->
<testsuite skipped="0" hostname="OMGINDIA267" name="Insight.Utils.ExcelReader" tests="1" failures="0" timestamp="26 Aug 2019 10:10:16 GMT" time="0.822" errors="0">
  <testcase name="test" time="0.822" classname="Insight.Utils.ExcelReader"/>
</testsuite> <!-- Insight.Utils.ExcelReader -->
