<?xml version="1.0" encoding="UTF-8"?>
<!-- Generated by org.testng.reporters.JUnitReportReporter -->
<testsuite skipped="0" hostname="OMGINDIA267" name="Insight.Tests.ContactsPageTest" tests="1" failures="0" timestamp="09 Aug 2019 10:24:37 GMT" time="23.461" errors="0">
  <testcase name="test" time="23.461" classname="Insight.Tests.ContactsPageTest"/>
</testsuite> <!-- Insight.Tests.ContactsPageTest -->
