<?xml version="1.0" encoding="UTF-8"?>
<!-- Generated by org.testng.reporters.JUnitReportReporter -->
<testsuite skipped="0" hostname="OMGINDIA267" name="Insight.Tests.LoginPageTest" tests="1" failures="0" timestamp="09 Aug 2019 10:24:37 GMT" time="18.156" errors="0">
  <testcase name="test" time="18.156" classname="Insight.Tests.LoginPageTest"/>
</testsuite> <!-- Insight.Tests.LoginPageTest -->
