<?xml version="1.0" encoding="UTF-8"?>
<!-- Generated by org.testng.reporters.JUnitReportReporter -->
<testsuite skipped="0" hostname="OMGINDIA267" name="Insight.Tests.ContactsPageTest" tests="1" failures="0" timestamp="12 Aug 2019 08:38:39 GMT" time="19.949" errors="0">
  <testcase name="test" time="19.949" classname="Insight.Tests.ContactsPageTest"/>
</testsuite> <!-- Insight.Tests.ContactsPageTest -->
